2024-10-20 14:23:26,776 Using selector: EpollSelector
2024-10-20 14:25:29,599 Error: Data scraping unable to complete in 60.0s (retries: 3)
2024-10-20 14:25:29,599 Using selector: EpollSelector
2024-10-20 14:27:32,643 Error: Data scraping unable to complete in 60.0s (retries: 3)
2024-10-20 14:27:32,643 Using selector: EpollSelector
2024-10-20 14:29:35,181 Error: Data scraping unable to complete in 60.0s (retries: 3)
2024-10-20 14:29:35,181 Using selector: EpollSelector
2024-10-20 14:31:38,140 Error: Data scraping unable to complete in 60.0s (retries: 3)
2024-10-20 14:31:38,140 Using selector: EpollSelector
2024-10-20 14:31:38,665 Error: BrowserType.launch: Target page, context or browser has been closed
Browser logs:

<launching> /home/runner/.cache/ms-playwright/chromium-1134/chrome-linux/chrome --disable-field-trial-config --disable-background-networking --disable-background-timer-throttling --disable-backgrounding-occluded-windows --disable-back-forward-cache --disable-breakpad --disable-client-side-phishing-detection --disable-component-extensions-with-background-pages --disable-component-update --no-default-browser-check --disable-default-apps --disable-dev-shm-usage --disable-extensions --disable-features=ImprovedCookieControls,LazyFrameLoading,GlobalMediaControls,DestroyProfileOnBrowserClose,MediaRouter,DialMediaRouteProvider,AcceptCHFrame,AutoExpandDetailsElement,CertificateTransparencyComponentUpdater,AvoidUnnecessaryBeforeUnloadCheckSync,Translate,HttpsUpgrades,PaintHolding,PlzDedicatedWorker --allow-pre-commit-input --disable-hang-monitor --disable-ipc-flooding-protection --disable-popup-blocking --disable-prompt-on-repost --disable-renderer-backgrounding --force-color-profile=srgb --metrics-recording-only --no-first-run --enable-automation --password-store=basic --use-mock-keychain --no-service-autorun --export-tagged-pdf --disable-search-engine-choice-screen --unsafely-disable-devtools-self-xss-warnings --headless=old --hide-scrollbars --mute-audio --blink-settings=primaryHoverType=2,availableHoverTypes=2,primaryPointerType=4,availablePointerTypes=4 --no-sandbox --disable-gpu --single-process --user-data-dir=/tmp/playwright_chromiumdev_profile-6q5PhA --remote-debugging-pipe --no-startup-window
<launched> pid=3353
[pid=3353][err] Old Headless mode will be removed from the Chrome binary soon. Please use the new Headless mode (https://developer.chrome.com/docs/chromium/new-headless) or the chrome-headless-shell which is a standalone implementation of the old Headless mode (https://developer.chrome.com/blog/chrome-headless-shell).
[pid=3353][err] 
[pid=3353][err] [1020/143138.444773:WARNING:audio_manager_linux.cc(54)] Falling back to ALSA for audio output. PulseAudio is not available or could not be initialized.
[pid=3353][err] Received signal 11 SI_KERNEL000000000000
[pid=3353][err]  Possibly a General Protection Fault, can be due to a non-canonical address dereference. See "Intel 64 and IA-32 Architectures Software Developer’s Manual", Volume 1, Section 3.3.7.1.
[pid=3353][err] #0 0x5641a3b51cd2 [1020/143138.465247:WARNING:viz_main_impl.cc(85)] VizNullHypothesis is disabled (not a warning)
[pid=3353][err] base::debug::CollectStackTrace()
[pid=3353][err] #1 0x5641a3b3eeae base::debug::StackTrace::StackTrace()
[pid=3353][err] #2 0x5641a3b516e1 base::debug::(anonymous namespace)::StackDumpSignalHandler()
[pid=3353][err] #3 0x7f744d042520 (/usr/lib/x86_64-linux-gnu/libc.so.6+0x4251f)
[pid=3353][err] #4 0x7f744d044c1d getenv
[pid=3353][err] #5 0x5641a3cd3189 epoll_init
[pid=3353][err] #6 0x5641a3cd0631 event_base_new
[pid=3353][err] #7 0x5641a3b5dd4d base::MessagePumpLibevent::MessagePumpLibevent()
[pid=3353][err] #8 0x5641a3a9be1b base::MessagePump::Create()
[pid=3353][err] #9 0x5641a3b21703 base::internal::SequenceManagerThreadDelegate::BindToCurrentThread()
[pid=3353][err] #10 0x5641a3b21368 base::Thread::ThreadMain()
[pid=3353][err] #11 0x5641a3b3541a base::(anonymous namespace)::ThreadFunc()
[pid=3353][err] #12 0x7f744d094ac3 (/usr/lib/x86_64-linux-gnu/libc.so.6+0x94ac2)
[pid=3353][err] #13 0x7f744d126850 (/usr/lib/x86_64-linux-gnu/libc.so.6+0x12684f)
[pid=3353][err]   r8: 0000000000000004  r9: 0000000000000000 r10: 00007ffd761ef080 r11: 0000000000000246
[pid=3353][err]  r12: 005c0200e8310000 r13: 000000000000000d r14: 000000000000000b r15: 000056419c0a8413
[pid=3353][err]   di: 000056419c0a8411  si: 00007f7434df8ed0  bp: 0000000000005645  bx: 000031e800024800
[pid=3353][err]   dx: 000056419c0a8411  ax: 000000000000000d  cx: 00007f744d0ec09b  sp: 00007f7434df8e60
[pid=3353][err]   ip: 00007f744d044c1d efl: 0000000000010206 cgf: 002b000000000033 erf: 0000000000000000
[pid=3353][err]  trp: 000000000000000d msk: 0000000000000000 cr2: 0000000000000000
[pid=3353][err] [end of stack trace]
Call log:
<launching> /home/runner/.cache/ms-playwright/chromium-1134/chrome-linux/chrome --disable-field-trial-config --disable-background-networking --disable-background-timer-throttling --disable-backgrounding-occluded-windows --disable-back-forward-cache --disable-breakpad --disable-client-side-phishing-detection --disable-component-extensions-with-background-pages --disable-component-update --no-default-browser-check --disable-default-apps --disable-dev-shm-usage --disable-extensions --disable-features=ImprovedCookieControls,LazyFrameLoading,GlobalMediaControls,DestroyProfileOnBrowserClose,MediaRouter,DialMediaRouteProvider,AcceptCHFrame,AutoExpandDetailsElement,CertificateTransparencyComponentUpdater,AvoidUnnecessaryBeforeUnloadCheckSync,Translate,HttpsUpgrades,PaintHolding,PlzDedicatedWorker --allow-pre-commit-input --disable-hang-monitor --disable-ipc-flooding-protection --disable-popup-blocking --disable-prompt-on-repost --disable-renderer-backgrounding --force-color-profile=srgb --metrics-recording-only --no-first-run --enable-automation --password-store=basic --use-mock-keychain --no-service-autorun --export-tagged-pdf --disable-search-engine-choice-screen --unsafely-disable-devtools-self-xss-warnings --headless=old --hide-scrollbars --mute-audio --blink-settings=primaryHoverType=2,availableHoverTypes=2,primaryPointerType=4,availablePointerTypes=4 --no-sandbox --disable-gpu --single-process --user-data-dir=/tmp/playwright_chromiumdev_profile-6q5PhA --remote-debugging-pipe --no-startup-window
  - <launched> pid=3353
  - [pid=3353][err] Old Headless mode will be removed from the Chrome binary soon. Please use the new Headless mode (https://developer.chrome.com/docs/chromium/new-headless) or the chrome-headless-shell which is a standalone implementation of the old Headless mode (https://developer.chrome.com/blog/chrome-headless-shell).
  - [pid=3353][err] 
  - [pid=3353][err] [1020/143138.444773:WARNING:audio_manager_linux.cc(54)] Falling back to ALSA for audio output. PulseAudio is not available or could not be initialized.
  - [pid=3353][err] Received signal 11 SI_KERNEL000000000000
  - [pid=3353][err]  Possibly a General Protection Fault, can be due to a non-canonical address dereference. See "Intel 64 and IA-32 Architectures Software Developer’s Manual", Volume 1, Section 3.3.7.1.
  - [pid=3353][err] #0 0x5641a3b51cd2 [1020/143138.465247:WARNING:viz_main_impl.cc(85)] VizNullHypothesis is disabled (not a warning)
  - [pid=3353][err] base::debug::CollectStackTrace()
  - [pid=3353][err] #1 0x5641a3b3eeae base::debug::StackTrace::StackTrace()
  - [pid=3353][err] #2 0x5641a3b516e1 base::debug::(anonymous namespace)::StackDumpSignalHandler()
  - [pid=3353][err] #3 0x7f744d042520 (/usr/lib/x86_64-linux-gnu/libc.so.6+0x4251f)
  - [pid=3353][err] #4 0x7f744d044c1d getenv
  - [pid=3353][err] #5 0x5641a3cd3189 epoll_init
  - [pid=3353][err] #6 0x5641a3cd0631 event_base_new
  - [pid=3353][err] #7 0x5641a3b5dd4d base::MessagePumpLibevent::MessagePumpLibevent()
  - [pid=3353][err] #8 0x5641a3a9be1b base::MessagePump::Create()
  - [pid=3353][err] #9 0x5641a3b21703 base::internal::SequenceManagerThreadDelegate::BindToCurrentThread()
  - [pid=3353][err] #10 0x5641a3b21368 base::Thread::ThreadMain()
  - [pid=3353][err] #11 0x5641a3b3541a base::(anonymous namespace)::ThreadFunc()
  - [pid=3353][err] #12 0x7f744d094ac3 (/usr/lib/x86_64-linux-gnu/libc.so.6+0x94ac2)
  - [pid=3353][err] #13 0x7f744d126850 (/usr/lib/x86_64-linux-gnu/libc.so.6+0x12684f)
  - [pid=3353][err]   r8: 0000000000000004  r9: 0000000000000000 r10: 00007ffd761ef080 r11: 0000000000000246
  - [pid=3353][err]  r12: 005c0200e8310000 r13: 000000000000000d r14: 000000000000000b r15: 000056419c0a8413
  - [pid=3353][err]   di: 000056419c0a8411  si: 00007f7434df8ed0  bp: 0000000000005645  bx: 000031e800024800
  - [pid=3353][err]   dx: 000056419c0a8411  ax: 000000000000000d  cx: 00007f744d0ec09b  sp: 00007f7434df8e60
  - [pid=3353][err]   ip: 00007f744d044c1d efl: 0000000000010206 cgf: 002b000000000033 erf: 0000000000000000
  - [pid=3353][err]  trp: 000000000000000d msk: 0000000000000000 cr2: 0000000000000000
  - [pid=3353][err] [end of stack trace]

